<?xml version="1.0" encoding="UTF-8"?>
<!-- Generated by org.testng.reporters.JUnitXMLReporter -->
<testsuite hostname="mohsinmuzaffar" ignored="0" name="Test" tests="1" failures="1" timestamp="2019-12-24T11:36:05 PKT" time="1.546" errors="0">
  <testcase name="@AfterClass tearDownClass" time="0.059" classname="cucumber.api.testng.AbstractTestNGCucumberTests">
    <failure type="java.lang.NullPointerException">
      <![CDATA[java.lang.NullPointerException
at com.relevantcodes.extentreports.Report.terminate(Report.java:417)
at com.relevantcodes.extentreports.ExtentReports.close(ExtentReports.java:919)
at com.cucumber.listener.ExtentCucumberFormatter.close(ExtentCucumberFormatter.java:220)
at cucumber.runtime.Utils$1.call(Utils.java:37)
at cucumber.runtime.Timeout.timeout(Timeout.java:13)
at cucumber.runtime.Utils.invoke(Utils.java:31)
at cucumber.runtime.RuntimeOptions$1.invoke(RuntimeOptions.java:290)
at com.sun.proxy.$Proxy18.close(Unknown Source)
at cucumber.api.testng.TestNGCucumberRunner.finish(TestNGCucumberRunner.java:77)
at cucumber.api.testng.AbstractTestNGCucumberTests.tearDownClass(AbstractTestNGCucumberTests.java:34)
at java.util.ArrayList.forEach(Unknown Source)
... Removed 29 stack frames]]>
    </failure>
  </testcase> <!-- @AfterClass tearDownClass -->
  <testcase name="feature" time="0.016" classname="cucumber.api.testng.AbstractTestNGCucumberTests">
    <failure type="cucumber.runtime.CucumberException" message="Error parsing feature file SignUp.feature">
      <![CDATA[cucumber.runtime.CucumberException: Error parsing feature file SignUp.feature
at cucumber.runtime.FeatureBuilder.parse(FeatureBuilder.java:133)
at cucumber.runtime.model.CucumberFeature.loadFromFeaturePath(CucumberFeature.java:104)
at cucumber.runtime.model.CucumberFeature.load(CucumberFeature.java:54)
at cucumber.runtime.model.CucumberFeature.load(CucumberFeature.java:34)
at cucumber.runtime.RuntimeOptions.cucumberFeatures(RuntimeOptions.java:235)
at cucumber.api.testng.TestNGCucumberRunner.getFeatures(TestNGCucumberRunner.java:85)
at cucumber.api.testng.TestNGCucumberRunner.provideFeatures(TestNGCucumberRunner.java:94)
at cucumber.api.testng.AbstractTestNGCucumberTests.features(AbstractTestNGCucumberTests.java:29)
at java.util.ArrayList.forEach(Unknown Source)
Caused by: gherkin.lexer.LexingError: Lexing error on line 4: '@SignUp        #TC_login_10_29 and TC_login_10_40 and TC_login_10_53  
Scenario Outline: Sign Up in to UBL  

Given User Launch ubl app
And   User click on allow button
Then  Verify that the username and password fields are functional
Then  Verify that all the buttons on login page are functional
Then  Verify that forgot password link is functional
Then  User enters Email as"<userName>" and Password as "<password>"
Then  User clicks on login button
Then  User enter OTP as "<code>"
Then  User enters nick name of account "<acctName>" 

Examples: 
|   userName    |   password  | code|  accountName  |
|  Saahir14527|11111111  |  1  |     Mohsin    |


 
#@feedback   #TC_Feedback_02_09
#Scenario Outline: verify that user is able to submit his Feedback successfully  
#
#Given User Launch ubl app
##And   User click on allow button
#Then  User enters Email as"<userName>" and Password as "<password>"
#Then  User clicks on login button
#Then  User enter OTP as "<code>"
#Then  User enter nick name for user "<accountName>"
#Then  User click on hamburger button
#Then  User moves to scroll down
#Then  User click on feedback button
#    Then  verify text field is empty
#    Then  click on submit button
#    Then  User verify Feedback field message
#    Then User click on Ok button
#    And  User enter feedback in text field
#    Then click on submit button
#Then User click on Ok button
#
##Then  User enters nick name of account "<acctName>" 
#
#Examples: 
#|   userName    |   password  | code|  accountName  |
#|  Saahir14527|11111111  |  1  |     Mohsin    |
#

#@termsAndConditions   #TC_T&C_02_06 & TC_T&C_02_07
#Scenario Outline: verify that terms & conditions page should be accessible  
#
#Given User Launch ubl app
#Then  User enters Email as"<userName>" and Password as "<password>"
#Then  User clicks on login button
#Then  User enter OTP as "<code>"
#Then  User enter nick name for user "<accountName>"
#Then  User click on hamburger button
#Then  User moves to scroll down
#Then  User click on button "<btnName>"
#Then  verify that terms & conditions page should be accessible
#Then  verify that all the button on terms & conditions page are functional
#   
#
#Examples: 
#|   userName    |   password  | code|  accountName  |       btnName      |
#|  Saahir14527|11111111  |  1  |     Mohsin    | Terms & Conditions |



#@logOut   #TC_Logout_02_06 & TC_T&C_02_07 & TC_Logout_02_08
#Scenario Outline: verify that logout should be accessible  
#
#Given User Launch ubl app
#Then  User enters Email as"<userName>" and Password as "<password>"
#Then  User clicks on login button
#Then  User enter OTP as "<code>"
#Then  User enter nick name for user "<accountName>"
#Then  User click on hamburger button
#Then  User moves to scroll down
#Then  User click on button "<btnName>"
#Then  verify that logout should be accessible
#Then  verify that all the button logout popup are functional "No"
#Then  User click on hamburger button
#Then  User click on hamburger button
#Then  User click on button "<btnName>"
#Then  verify that all the button logout popup are functional "Yes"
#Then  User should logout successfully
#
#Examples: 
#|   userName    |   password  | code|  accountName  |  btnName |
#| Saahir14527|11111111  |  1  |     Mohsin    |  Logout  |




#@logOut   #
#Scenario Outline: verify that logout should be accessible  
#
#Given User Launch ubl app
#Then  User enters Email as"<userName>" and Password as "<password>"
#Then  User clicks on login button
#Then  User enter OTP as "<code>"
#Then  User enter nick name for user "<accountName>"
#Then  User click on hamburger button
#Then  User moves to scroll down
#Then  User click on button "<btnName>"
#Then  verify that logout should be accessible
#Then  verify that all the button logout popup are functional "No"
#Then  User click on hamburger button
#Then  User click on hamburger button
#Then  User click on button "<btnName>"
#Then  verify that all the button logout popup are functional "Yes"
#Then  User should logout successfully
#
#Examples: 
#|   userName    |   password  | code |  accountName  |  btnName |
#|   username|  pass    |  1   |   acctName    |  Logout  |
 




%_FEATURE_END_%'. See http://wiki.github.com/cucumber/gherkin/lexingerror for more information.
at gherkin.lexer.En.scan(En.java:872)
at gherkin.lexer.I18nLexer.scan(I18nLexer.java:36)
at gherkin.parser.Parser.parse(Parser.java:62)
at cucumber.runtime.FeatureBuilder.parse(FeatureBuilder.java:131)
... 39 more
... Removed 31 stack frames]]>
    </failure>
  </testcase> <!-- feature -->
</testsuite> <!-- Test -->
